<?xml version="1.0" encoding="UTF-8"?>
<testsuite xmlns:xsi="http://www.w3.org/2001/XMLSchema-instance" xsi:noNamespaceSchemaLocation="https://maven.apache.org/surefire/maven-surefire-plugin/xsd/surefire-test-report.xsd" name="TestSeasonRepo" time="0.038" tests="4" errors="0" skipped="0" failures="0">
  <properties>
[...]
</properties>
  <testcase name="test1" classname="TestSeasonRepo" time="0.016"/>
  <testcase name="test2" classname="TestSeasonRepo" time="0.01"/>
  <testcase name="test3" classname="TestSeasonRepo" time="0.004"/>
  <testcase name="test4" classname="TestSeasonRepo" time="0.006"/>
</testsuite>